<?xml version="1.0" encoding="UTF-8"?>
<testsuite xmlns:xsi="http://www.w3.org/2001/XMLSchema-instance" xsi:noNamespaceSchemaLocation="https://maven.apache.org/surefire/maven-surefire-plugin/xsd/surefire-test-report.xsd" name="kr.co.seoultel.mms.direct.ApplicationTests" time="0.189" tests="1" errors="1" skipped="0" failures="0">
  <properties>
    <property name="gopherProxySet" value="false"/>
    <property name="awt.toolkit" value="sun.lwawt.macosx.LWCToolkit"/>
    <property name="java.specification.version" value="11"/>
    <property name="sun.cpu.isalist" value=""/>
    <property name="sun.jnu.encoding" value="UTF-8"/>
    <property name="java.class.path" value="/Users/simjeonghun/github/seoultel/mms-server2/target/test-classes:/Users/simjeonghun/github/seoultel/mms-server2/target/classes:/Users/simjeonghun/.m2/repository/org/projectlombok/lombok/1.18.30/lombok-1.18.30.jar:/Users/simjeonghun/.m2/repository/org/springframework/boot/spring-boot-starter/2.7.18/spring-boot-starter-2.7.18.jar:/Users/simjeonghun/.m2/repository/org/springframework/boot/spring-boot/2.7.18/spring-boot-2.7.18.jar:/Users/simjeonghun/.m2/repository/org/springframework/spring-context/5.3.31/spring-context-5.3.31.jar:/Users/simjeonghun/.m2/repository/org/springframework/spring-aop/5.3.31/spring-aop-5.3.31.jar:/Users/simjeonghun/.m2/repository/org/springframework/spring-expression/5.3.31/spring-expression-5.3.31.jar:/Users/simjeonghun/.m2/repository/org/springframework/boot/spring-boot-autoconfigure/2.7.18/spring-boot-autoconfigure-2.7.18.jar:/Users/simjeonghun/.m2/repository/org/springframework/boot/spring-boot-starter-logging/2.7.18/spring-boot-starter-logging-2.7.18.jar:/Users/simjeonghun/.m2/repository/ch/qos/logback/logback-classic/1.2.12/logback-classic-1.2.12.jar:/Users/simjeonghun/.m2/repository/ch/qos/logback/logback-core/1.2.12/logback-core-1.2.12.jar:/Users/simjeonghun/.m2/repository/org/apache/logging/log4j/log4j-to-slf4j/2.17.2/log4j-to-slf4j-2.17.2.jar:/Users/simjeonghun/.m2/repository/org/apache/logging/log4j/log4j-api/2.17.2/log4j-api-2.17.2.jar:/Users/simjeonghun/.m2/repository/org/slf4j/jul-to-slf4j/1.7.36/jul-to-slf4j-1.7.36.jar:/Users/simjeonghun/.m2/repository/jakarta/annotation/jakarta.annotation-api/1.3.5/jakarta.annotation-api-1.3.5.jar:/Users/simjeonghun/.m2/repository/org/springframework/spring-core/5.3.31/spring-core-5.3.31.jar:/Users/simjeonghun/.m2/repository/org/springframework/spring-jcl/5.3.31/spring-jcl-5.3.31.jar:/Users/simjeonghun/.m2/repository/org/yaml/snakeyaml/1.30/snakeyaml-1.30.jar:/Users/simjeonghun/.m2/repository/kr/co/seoultel/message/mms-server-core/1.1.0/mms-server-core-1.1.0.jar:/Users/simjeonghun/.m2/repository/org/springframework/spring-web/5.3.31/spring-web-5.3.31.jar:/Users/simjeonghun/.m2/repository/org/springframework/spring-beans/5.3.31/spring-beans-5.3.31.jar:/Users/simjeonghun/.m2/repository/org/springframework/boot/spring-boot-starter-web/2.7.18/spring-boot-starter-web-2.7.18.jar:/Users/simjeonghun/.m2/repository/org/springframework/boot/spring-boot-starter-json/2.7.18/spring-boot-starter-json-2.7.18.jar:/Users/simjeonghun/.m2/repository/com/fasterxml/jackson/datatype/jackson-datatype-jdk8/2.13.5/jackson-datatype-jdk8-2.13.5.jar:/Users/simjeonghun/.m2/repository/com/fasterxml/jackson/datatype/jackson-datatype-jsr310/2.13.5/jackson-datatype-jsr310-2.13.5.jar:/Users/simjeonghun/.m2/repository/com/fasterxml/jackson/module/jackson-module-parameter-names/2.13.5/jackson-module-parameter-names-2.13.5.jar:/Users/simjeonghun/.m2/repository/org/springframework/boot/spring-boot-starter-tomcat/2.7.18/spring-boot-starter-tomcat-2.7.18.jar:/Users/simjeonghun/.m2/repository/org/apache/tomcat/embed/tomcat-embed-core/9.0.83/tomcat-embed-core-9.0.83.jar:/Users/simjeonghun/.m2/repository/org/apache/tomcat/embed/tomcat-embed-el/9.0.83/tomcat-embed-el-9.0.83.jar:/Users/simjeonghun/.m2/repository/org/apache/tomcat/embed/tomcat-embed-websocket/9.0.83/tomcat-embed-websocket-9.0.83.jar:/Users/simjeonghun/.m2/repository/org/springframework/spring-webmvc/5.3.31/spring-webmvc-5.3.31.jar:/Users/simjeonghun/.m2/repository/com/google/code/gson/gson/2.9.1/gson-2.9.1.jar:/Users/simjeonghun/.m2/repository/kr/co/seoultel/message/mms-core/1.1.0/mms-core-1.1.0.jar:/Users/simjeonghun/.m2/repository/org/slf4j/slf4j-api/1.7.36/slf4j-api-1.7.36.jar:/Users/simjeonghun/.m2/repository/kr/co/seoultel/message/message-core/0.1.15rc/message-core-0.1.15rc.jar:/Users/simjeonghun/.m2/repository/com/hazelcast/hazelcast/5.1.7/hazelcast-5.1.7.jar:/Users/simjeonghun/.m2/repository/net/openhft/chronicle-map/3.20.83/chronicle-map-3.20.83.jar:/Users/simjeonghun/.m2/repository/com/intellij/annotations/12.0/annotations-12.0.jar:/Users/simjeonghun/.m2/repository/net/openhft/chronicle-core/2.20.104/chronicle-core-2.20.104.jar:/Users/simjeonghun/.m2/repository/org/jetbrains/annotations/19.0.0/annotations-19.0.0.jar:/Users/simjeonghun/.m2/repository/net/openhft/chronicle-values/2.20.80/chronicle-values-2.20.80.jar:/Users/simjeonghun/.m2/repository/net/openhft/chronicle-bytes/2.20.80/chronicle-bytes-2.20.80.jar:/Users/simjeonghun/.m2/repository/com/squareup/javapoet/1.12.1/javapoet-1.12.1.jar:/Users/simjeonghun/.m2/repository/net/openhft/chronicle-threads/2.20.100/chronicle-threads-2.20.100.jar:/Users/simjeonghun/.m2/repository/net/openhft/affinity/3.20.0/affinity-3.20.0.jar:/Users/simjeonghun/.m2/repository/net/openhft/chronicle-wire/2.20.101/chronicle-wire-2.20.101.jar:/Users/simjeonghun/.m2/repository/net/openhft/compiler/2.3.6/compiler-2.3.6.jar:/Users/simjeonghun/.m2/repository/net/openhft/chronicle-algorithms/2.20.80/chronicle-algorithms-2.20.80.jar:/Users/simjeonghun/.m2/repository/backport-util-concurrent/backport-util-concurrent/3.1/backport-util-concurrent-3.1.jar:/Users/simjeonghun/.m2/repository/net/java/dev/jna/jna/5.5.0/jna-5.5.0.jar:/Users/simjeonghun/.m2/repository/net/java/dev/jna/jna-platform/5.5.0/jna-platform-5.5.0.jar:/Users/simjeonghun/.m2/repository/com/thoughtworks/xstream/xstream/1.4.12/xstream-1.4.12.jar:/Users/simjeonghun/.m2/repository/xmlpull/xmlpull/1.1.3.1/xmlpull-1.1.3.1.jar:/Users/simjeonghun/.m2/repository/xpp3/xpp3_min/1.1.4c/xpp3_min-1.1.4c.jar:/Users/simjeonghun/.m2/repository/org/codehaus/jettison/jettison/1.4.1/jettison-1.4.1.jar:/Users/simjeonghun/.m2/repository/org/ops4j/pax/url/pax-url-aether/2.6.2/pax-url-aether-2.6.2.jar:/Users/simjeonghun/.m2/repository/org/ops4j/pax/url/pax-url-aether-support/2.6.2/pax-url-aether-support-2.6.2.jar:/Users/simjeonghun/.m2/repository/org/apache/maven/resolver/maven-resolver-impl/1.3.1/maven-resolver-impl-1.3.1.jar:/Users/simjeonghun/.m2/repository/org/apache/maven/resolver/maven-resolver-api/1.3.1/maven-resolver-api-1.3.1.jar:/Users/simjeonghun/.m2/repository/org/apache/maven/resolver/maven-resolver-spi/1.3.1/maven-resolver-spi-1.3.1.jar:/Users/simjeonghun/.m2/repository/org/apache/maven/resolver/maven-resolver-util/1.3.1/maven-resolver-util-1.3.1.jar:/Users/simjeonghun/.m2/repository/org/slf4j/jcl-over-slf4j/1.7.36/jcl-over-slf4j-1.7.36.jar:/Users/simjeonghun/.m2/repository/io/netty/netty-buffer/4.1.101.Final/netty-buffer-4.1.101.Final.jar:/Users/simjeonghun/.m2/repository/io/github/resilience4j/resilience4j-spring-boot2/1.7.0/resilience4j-spring-boot2-1.7.0.jar:/Users/simjeonghun/.m2/repository/io/vavr/vavr/0.10.2/vavr-0.10.2.jar:/Users/simjeonghun/.m2/repository/io/vavr/vavr-match/0.10.2/vavr-match-0.10.2.jar:/Users/simjeonghun/.m2/repository/io/github/resilience4j/resilience4j-spring/1.7.0/resilience4j-spring-1.7.0.jar:/Users/simjeonghun/.m2/repository/io/github/resilience4j/resilience4j-annotations/1.7.0/resilience4j-annotations-1.7.0.jar:/Users/simjeonghun/.m2/repository/io/github/resilience4j/resilience4j-consumer/1.7.0/resilience4j-consumer-1.7.0.jar:/Users/simjeonghun/.m2/repository/io/github/resilience4j/resilience4j-core/1.7.0/resilience4j-core-1.7.0.jar:/Users/simjeonghun/.m2/repository/io/github/resilience4j/resilience4j-circularbuffer/1.7.0/resilience4j-circularbuffer-1.7.0.jar:/Users/simjeonghun/.m2/repository/io/github/resilience4j/resilience4j-framework-common/1.7.0/resilience4j-framework-common-1.7.0.jar:/Users/simjeonghun/.m2/repository/io/github/resilience4j/resilience4j-circuitbreaker/1.7.0/resilience4j-circuitbreaker-1.7.0.jar:/Users/simjeonghun/.m2/repository/io/github/resilience4j/resilience4j-ratelimiter/1.7.0/resilience4j-ratelimiter-1.7.0.jar:/Users/simjeonghun/.m2/repository/io/github/resilience4j/resilience4j-retry/1.7.0/resilience4j-retry-1.7.0.jar:/Users/simjeonghun/.m2/repository/io/github/resilience4j/resilience4j-bulkhead/1.7.0/resilience4j-bulkhead-1.7.0.jar:/Users/simjeonghun/.m2/repository/io/github/resilience4j/resilience4j-timelimiter/1.7.0/resilience4j-timelimiter-1.7.0.jar:/Users/simjeonghun/.m2/repository/io/github/resilience4j/resilience4j-micrometer/1.7.0/resilience4j-micrometer-1.7.0.jar:/Users/simjeonghun/.m2/repository/io/netty/netty-all/4.1.101.Final/netty-all-4.1.101.Final.jar:/Users/simjeonghun/.m2/repository/io/netty/netty-codec/4.1.101.Final/netty-codec-4.1.101.Final.jar:/Users/simjeonghun/.m2/repository/io/netty/netty-codec-dns/4.1.101.Final/netty-codec-dns-4.1.101.Final.jar:/Users/simjeonghun/.m2/repository/io/netty/netty-codec-haproxy/4.1.101.Final/netty-codec-haproxy-4.1.101.Final.jar:/Users/simjeonghun/.m2/repository/io/netty/netty-codec-http/4.1.101.Final/netty-codec-http-4.1.101.Final.jar:/Users/simjeonghun/.m2/repository/io/netty/netty-codec-http2/4.1.101.Final/netty-codec-http2-4.1.101.Final.jar:/Users/simjeonghun/.m2/repository/io/netty/netty-codec-memcache/4.1.101.Final/netty-codec-memcache-4.1.101.Final.jar:/Users/simjeonghun/.m2/repository/io/netty/netty-codec-mqtt/4.1.101.Final/netty-codec-mqtt-4.1.101.Final.jar:/Users/simjeonghun/.m2/repository/io/netty/netty-codec-redis/4.1.101.Final/netty-codec-redis-4.1.101.Final.jar:/Users/simjeonghun/.m2/repository/io/netty/netty-codec-smtp/4.1.101.Final/netty-codec-smtp-4.1.101.Final.jar:/Users/simjeonghun/.m2/repository/io/netty/netty-codec-socks/4.1.101.Final/netty-codec-socks-4.1.101.Final.jar:/Users/simjeonghun/.m2/repository/io/netty/netty-codec-stomp/4.1.101.Final/netty-codec-stomp-4.1.101.Final.jar:/Users/simjeonghun/.m2/repository/io/netty/netty-codec-xml/4.1.101.Final/netty-codec-xml-4.1.101.Final.jar:/Users/simjeonghun/.m2/repository/io/netty/netty-common/4.1.101.Final/netty-common-4.1.101.Final.jar:/Users/simjeonghun/.m2/repository/io/netty/netty-handler/4.1.101.Final/netty-handler-4.1.101.Final.jar:/Users/simjeonghun/.m2/repository/io/netty/netty-transport-native-unix-common/4.1.101.Final/netty-transport-native-unix-common-4.1.101.Final.jar:/Users/simjeonghun/.m2/repository/io/netty/netty-handler-proxy/4.1.101.Final/netty-handler-proxy-4.1.101.Final.jar:/Users/simjeonghun/.m2/repository/io/netty/netty-handler-ssl-ocsp/4.1.101.Final/netty-handler-ssl-ocsp-4.1.101.Final.jar:/Users/simjeonghun/.m2/repository/io/netty/netty-resolver/4.1.101.Final/netty-resolver-4.1.101.Final.jar:/Users/simjeonghun/.m2/repository/io/netty/netty-resolver-dns/4.1.101.Final/netty-resolver-dns-4.1.101.Final.jar:/Users/simjeonghun/.m2/repository/io/netty/netty-transport/4.1.101.Final/netty-transport-4.1.101.Final.jar:/Users/simjeonghun/.m2/repository/io/netty/netty-transport-rxtx/4.1.101.Final/netty-transport-rxtx-4.1.101.Final.jar:/Users/simjeonghun/.m2/repository/io/netty/netty-transport-sctp/4.1.101.Final/netty-transport-sctp-4.1.101.Final.jar:/Users/simjeonghun/.m2/repository/io/netty/netty-transport-udt/4.1.101.Final/netty-transport-udt-4.1.101.Final.jar:/Users/simjeonghun/.m2/repository/io/netty/netty-transport-classes-epoll/4.1.101.Final/netty-transport-classes-epoll-4.1.101.Final.jar:/Users/simjeonghun/.m2/repository/io/netty/netty-transport-classes-kqueue/4.1.101.Final/netty-transport-classes-kqueue-4.1.101.Final.jar:/Users/simjeonghun/.m2/repository/io/netty/netty-resolver-dns-classes-macos/4.1.101.Final/netty-resolver-dns-classes-macos-4.1.101.Final.jar:/Users/simjeonghun/.m2/repository/io/netty/netty-transport-native-epoll/4.1.101.Final/netty-transport-native-epoll-4.1.101.Final-linux-x86_64.jar:/Users/simjeonghun/.m2/repository/io/netty/netty-transport-native-epoll/4.1.101.Final/netty-transport-native-epoll-4.1.101.Final-linux-aarch_64.jar:/Users/simjeonghun/.m2/repository/io/netty/netty-transport-native-kqueue/4.1.101.Final/netty-transport-native-kqueue-4.1.101.Final-osx-x86_64.jar:/Users/simjeonghun/.m2/repository/io/netty/netty-transport-native-kqueue/4.1.101.Final/netty-transport-native-kqueue-4.1.101.Final-osx-aarch_64.jar:/Users/simjeonghun/.m2/repository/io/netty/netty-resolver-dns-native-macos/4.1.101.Final/netty-resolver-dns-native-macos-4.1.101.Final-osx-x86_64.jar:/Users/simjeonghun/.m2/repository/io/netty/netty-resolver-dns-native-macos/4.1.101.Final/netty-resolver-dns-native-macos-4.1.101.Final-osx-aarch_64.jar:/Users/simjeonghun/.m2/repository/com/fasterxml/jackson/core/jackson-databind/2.13.5/jackson-databind-2.13.5.jar:/Users/simjeonghun/.m2/repository/com/fasterxml/jackson/core/jackson-annotations/2.13.5/jackson-annotations-2.13.5.jar:/Users/simjeonghun/.m2/repository/com/fasterxml/jackson/core/jackson-core/2.13.5/jackson-core-2.13.5.jar:/Users/simjeonghun/.m2/repository/com/sun/mail/jakarta.mail/2.0.1/jakarta.mail-2.0.1.jar:/Users/simjeonghun/.m2/repository/com/sun/activation/jakarta.activation/1.2.2/jakarta.activation-1.2.2.jar:/Users/simjeonghun/.m2/repository/jakarta/xml/soap/jakarta.xml.soap-api/3.0.0/jakarta.xml.soap-api-3.0.0.jar:/Users/simjeonghun/.m2/repository/jakarta/activation/jakarta.activation-api/2.1.0-RC1/jakarta.activation-api-2.1.0-RC1.jar:/Users/simjeonghun/.m2/repository/com/sun/xml/messaging/saaj/saaj-impl/2.0.1/saaj-impl-2.0.1.jar:/Users/simjeonghun/.m2/repository/org/jvnet/staxex/stax-ex/2.0.1/stax-ex-2.0.1.jar:/Users/simjeonghun/.m2/repository/org/springframework/boot/spring-boot-starter-test/2.7.18/spring-boot-starter-test-2.7.18.jar:/Users/simjeonghun/.m2/repository/org/springframework/boot/spring-boot-test/2.7.18/spring-boot-test-2.7.18.jar:/Users/simjeonghun/.m2/repository/org/springframework/boot/spring-boot-test-autoconfigure/2.7.18/spring-boot-test-autoconfigure-2.7.18.jar:/Users/simjeonghun/.m2/repository/com/jayway/jsonpath/json-path/2.7.0/json-path-2.7.0.jar:/Users/simjeonghun/.m2/repository/net/minidev/json-smart/2.4.11/json-smart-2.4.11.jar:/Users/simjeonghun/.m2/repository/net/minidev/accessors-smart/2.4.11/accessors-smart-2.4.11.jar:/Users/simjeonghun/.m2/repository/org/ow2/asm/asm/9.3/asm-9.3.jar:/Users/simjeonghun/.m2/repository/jakarta/xml/bind/jakarta.xml.bind-api/2.3.3/jakarta.xml.bind-api-2.3.3.jar:/Users/simjeonghun/.m2/repository/org/assertj/assertj-core/3.22.0/assertj-core-3.22.0.jar:/Users/simjeonghun/.m2/repository/org/hamcrest/hamcrest/2.2/hamcrest-2.2.jar:/Users/simjeonghun/.m2/repository/org/junit/jupiter/junit-jupiter/5.8.2/junit-jupiter-5.8.2.jar:/Users/simjeonghun/.m2/repository/org/junit/jupiter/junit-jupiter-api/5.8.2/junit-jupiter-api-5.8.2.jar:/Users/simjeonghun/.m2/repository/org/opentest4j/opentest4j/1.2.0/opentest4j-1.2.0.jar:/Users/simjeonghun/.m2/repository/org/junit/platform/junit-platform-commons/1.8.2/junit-platform-commons-1.8.2.jar:/Users/simjeonghun/.m2/repository/org/apiguardian/apiguardian-api/1.1.2/apiguardian-api-1.1.2.jar:/Users/simjeonghun/.m2/repository/org/junit/jupiter/junit-jupiter-params/5.8.2/junit-jupiter-params-5.8.2.jar:/Users/simjeonghun/.m2/repository/org/junit/jupiter/junit-jupiter-engine/5.8.2/junit-jupiter-engine-5.8.2.jar:/Users/simjeonghun/.m2/repository/org/junit/platform/junit-platform-engine/1.8.2/junit-platform-engine-1.8.2.jar:/Users/simjeonghun/.m2/repository/org/mockito/mockito-core/4.5.1/mockito-core-4.5.1.jar:/Users/simjeonghun/.m2/repository/net/bytebuddy/byte-buddy/1.12.23/byte-buddy-1.12.23.jar:/Users/simjeonghun/.m2/repository/net/bytebuddy/byte-buddy-agent/1.12.23/byte-buddy-agent-1.12.23.jar:/Users/simjeonghun/.m2/repository/org/objenesis/objenesis/3.2/objenesis-3.2.jar:/Users/simjeonghun/.m2/repository/org/mockito/mockito-junit-jupiter/4.5.1/mockito-junit-jupiter-4.5.1.jar:/Users/simjeonghun/.m2/repository/org/skyscreamer/jsonassert/1.5.1/jsonassert-1.5.1.jar:/Users/simjeonghun/.m2/repository/com/vaadin/external/google/android-json/0.0.20131108.vaadin1/android-json-0.0.20131108.vaadin1.jar:/Users/simjeonghun/.m2/repository/org/springframework/spring-test/5.3.31/spring-test-5.3.31.jar:/Users/simjeonghun/.m2/repository/org/xmlunit/xmlunit-core/2.9.1/xmlunit-core-2.9.1.jar:"/>
    <property name="java.vm.vendor" value="Amazon.com Inc."/>
    <property name="sun.arch.data.model" value="64"/>
    <property name="java.vendor.url" value="https://aws.amazon.com/corretto/"/>
    <property name="user.timezone" value=""/>
    <property name="java.vm.specification.version" value="11"/>
    <property name="os.name" value="Mac OS X"/>
    <property name="sun.java.launcher" value="SUN_STANDARD"/>
    <property name="user.country" value="KR"/>
    <property name="sun.boot.library.path" value="/Users/simjeonghun/Library/Java/JavaVirtualMachines/corretto-11.0.22/Contents/Home/lib"/>
    <property name="sun.java.command" value="/Users/simjeonghun/github/seoultel/mms-server2/target/surefire/surefirebooter13934870899144213070.jar /Users/simjeonghun/github/seoultel/mms-server2/target/surefire 2024-06-24T11-59-08_831-jvmRun1 surefire126868325918184772tmp surefire_06322579784427328442tmp"/>
    <property name="http.nonProxyHosts" value="local|*.local|169.254/16|*.169.254/16"/>
    <property name="jdk.debug" value="release"/>
    <property name="surefire.test.class.path" value="/Users/simjeonghun/github/seoultel/mms-server2/target/test-classes:/Users/simjeonghun/github/seoultel/mms-server2/target/classes:/Users/simjeonghun/.m2/repository/org/projectlombok/lombok/1.18.30/lombok-1.18.30.jar:/Users/simjeonghun/.m2/repository/org/springframework/boot/spring-boot-starter/2.7.18/spring-boot-starter-2.7.18.jar:/Users/simjeonghun/.m2/repository/org/springframework/boot/spring-boot/2.7.18/spring-boot-2.7.18.jar:/Users/simjeonghun/.m2/repository/org/springframework/spring-context/5.3.31/spring-context-5.3.31.jar:/Users/simjeonghun/.m2/repository/org/springframework/spring-aop/5.3.31/spring-aop-5.3.31.jar:/Users/simjeonghun/.m2/repository/org/springframework/spring-expression/5.3.31/spring-expression-5.3.31.jar:/Users/simjeonghun/.m2/repository/org/springframework/boot/spring-boot-autoconfigure/2.7.18/spring-boot-autoconfigure-2.7.18.jar:/Users/simjeonghun/.m2/repository/org/springframework/boot/spring-boot-starter-logging/2.7.18/spring-boot-starter-logging-2.7.18.jar:/Users/simjeonghun/.m2/repository/ch/qos/logback/logback-classic/1.2.12/logback-classic-1.2.12.jar:/Users/simjeonghun/.m2/repository/ch/qos/logback/logback-core/1.2.12/logback-core-1.2.12.jar:/Users/simjeonghun/.m2/repository/org/apache/logging/log4j/log4j-to-slf4j/2.17.2/log4j-to-slf4j-2.17.2.jar:/Users/simjeonghun/.m2/repository/org/apache/logging/log4j/log4j-api/2.17.2/log4j-api-2.17.2.jar:/Users/simjeonghun/.m2/repository/org/slf4j/jul-to-slf4j/1.7.36/jul-to-slf4j-1.7.36.jar:/Users/simjeonghun/.m2/repository/jakarta/annotation/jakarta.annotation-api/1.3.5/jakarta.annotation-api-1.3.5.jar:/Users/simjeonghun/.m2/repository/org/springframework/spring-core/5.3.31/spring-core-5.3.31.jar:/Users/simjeonghun/.m2/repository/org/springframework/spring-jcl/5.3.31/spring-jcl-5.3.31.jar:/Users/simjeonghun/.m2/repository/org/yaml/snakeyaml/1.30/snakeyaml-1.30.jar:/Users/simjeonghun/.m2/repository/kr/co/seoultel/message/mms-server-core/1.1.0/mms-server-core-1.1.0.jar:/Users/simjeonghun/.m2/repository/org/springframework/spring-web/5.3.31/spring-web-5.3.31.jar:/Users/simjeonghun/.m2/repository/org/springframework/spring-beans/5.3.31/spring-beans-5.3.31.jar:/Users/simjeonghun/.m2/repository/org/springframework/boot/spring-boot-starter-web/2.7.18/spring-boot-starter-web-2.7.18.jar:/Users/simjeonghun/.m2/repository/org/springframework/boot/spring-boot-starter-json/2.7.18/spring-boot-starter-json-2.7.18.jar:/Users/simjeonghun/.m2/repository/com/fasterxml/jackson/datatype/jackson-datatype-jdk8/2.13.5/jackson-datatype-jdk8-2.13.5.jar:/Users/simjeonghun/.m2/repository/com/fasterxml/jackson/datatype/jackson-datatype-jsr310/2.13.5/jackson-datatype-jsr310-2.13.5.jar:/Users/simjeonghun/.m2/repository/com/fasterxml/jackson/module/jackson-module-parameter-names/2.13.5/jackson-module-parameter-names-2.13.5.jar:/Users/simjeonghun/.m2/repository/org/springframework/boot/spring-boot-starter-tomcat/2.7.18/spring-boot-starter-tomcat-2.7.18.jar:/Users/simjeonghun/.m2/repository/org/apache/tomcat/embed/tomcat-embed-core/9.0.83/tomcat-embed-core-9.0.83.jar:/Users/simjeonghun/.m2/repository/org/apache/tomcat/embed/tomcat-embed-el/9.0.83/tomcat-embed-el-9.0.83.jar:/Users/simjeonghun/.m2/repository/org/apache/tomcat/embed/tomcat-embed-websocket/9.0.83/tomcat-embed-websocket-9.0.83.jar:/Users/simjeonghun/.m2/repository/org/springframework/spring-webmvc/5.3.31/spring-webmvc-5.3.31.jar:/Users/simjeonghun/.m2/repository/com/google/code/gson/gson/2.9.1/gson-2.9.1.jar:/Users/simjeonghun/.m2/repository/kr/co/seoultel/message/mms-core/1.1.0/mms-core-1.1.0.jar:/Users/simjeonghun/.m2/repository/org/slf4j/slf4j-api/1.7.36/slf4j-api-1.7.36.jar:/Users/simjeonghun/.m2/repository/kr/co/seoultel/message/message-core/0.1.15rc/message-core-0.1.15rc.jar:/Users/simjeonghun/.m2/repository/com/hazelcast/hazelcast/5.1.7/hazelcast-5.1.7.jar:/Users/simjeonghun/.m2/repository/net/openhft/chronicle-map/3.20.83/chronicle-map-3.20.83.jar:/Users/simjeonghun/.m2/repository/com/intellij/annotations/12.0/annotations-12.0.jar:/Users/simjeonghun/.m2/repository/net/openhft/chronicle-core/2.20.104/chronicle-core-2.20.104.jar:/Users/simjeonghun/.m2/repository/org/jetbrains/annotations/19.0.0/annotations-19.0.0.jar:/Users/simjeonghun/.m2/repository/net/openhft/chronicle-values/2.20.80/chronicle-values-2.20.80.jar:/Users/simjeonghun/.m2/repository/net/openhft/chronicle-bytes/2.20.80/chronicle-bytes-2.20.80.jar:/Users/simjeonghun/.m2/repository/com/squareup/javapoet/1.12.1/javapoet-1.12.1.jar:/Users/simjeonghun/.m2/repository/net/openhft/chronicle-threads/2.20.100/chronicle-threads-2.20.100.jar:/Users/simjeonghun/.m2/repository/net/openhft/affinity/3.20.0/affinity-3.20.0.jar:/Users/simjeonghun/.m2/repository/net/openhft/chronicle-wire/2.20.101/chronicle-wire-2.20.101.jar:/Users/simjeonghun/.m2/repository/net/openhft/compiler/2.3.6/compiler-2.3.6.jar:/Users/simjeonghun/.m2/repository/net/openhft/chronicle-algorithms/2.20.80/chronicle-algorithms-2.20.80.jar:/Users/simjeonghun/.m2/repository/backport-util-concurrent/backport-util-concurrent/3.1/backport-util-concurrent-3.1.jar:/Users/simjeonghun/.m2/repository/net/java/dev/jna/jna/5.5.0/jna-5.5.0.jar:/Users/simjeonghun/.m2/repository/net/java/dev/jna/jna-platform/5.5.0/jna-platform-5.5.0.jar:/Users/simjeonghun/.m2/repository/com/thoughtworks/xstream/xstream/1.4.12/xstream-1.4.12.jar:/Users/simjeonghun/.m2/repository/xmlpull/xmlpull/1.1.3.1/xmlpull-1.1.3.1.jar:/Users/simjeonghun/.m2/repository/xpp3/xpp3_min/1.1.4c/xpp3_min-1.1.4c.jar:/Users/simjeonghun/.m2/repository/org/codehaus/jettison/jettison/1.4.1/jettison-1.4.1.jar:/Users/simjeonghun/.m2/repository/org/ops4j/pax/url/pax-url-aether/2.6.2/pax-url-aether-2.6.2.jar:/Users/simjeonghun/.m2/repository/org/ops4j/pax/url/pax-url-aether-support/2.6.2/pax-url-aether-support-2.6.2.jar:/Users/simjeonghun/.m2/repository/org/apache/maven/resolver/maven-resolver-impl/1.3.1/maven-resolver-impl-1.3.1.jar:/Users/simjeonghun/.m2/repository/org/apache/maven/resolver/maven-resolver-api/1.3.1/maven-resolver-api-1.3.1.jar:/Users/simjeonghun/.m2/repository/org/apache/maven/resolver/maven-resolver-spi/1.3.1/maven-resolver-spi-1.3.1.jar:/Users/simjeonghun/.m2/repository/org/apache/maven/resolver/maven-resolver-util/1.3.1/maven-resolver-util-1.3.1.jar:/Users/simjeonghun/.m2/repository/org/slf4j/jcl-over-slf4j/1.7.36/jcl-over-slf4j-1.7.36.jar:/Users/simjeonghun/.m2/repository/io/netty/netty-buffer/4.1.101.Final/netty-buffer-4.1.101.Final.jar:/Users/simjeonghun/.m2/repository/io/github/resilience4j/resilience4j-spring-boot2/1.7.0/resilience4j-spring-boot2-1.7.0.jar:/Users/simjeonghun/.m2/repository/io/vavr/vavr/0.10.2/vavr-0.10.2.jar:/Users/simjeonghun/.m2/repository/io/vavr/vavr-match/0.10.2/vavr-match-0.10.2.jar:/Users/simjeonghun/.m2/repository/io/github/resilience4j/resilience4j-spring/1.7.0/resilience4j-spring-1.7.0.jar:/Users/simjeonghun/.m2/repository/io/github/resilience4j/resilience4j-annotations/1.7.0/resilience4j-annotations-1.7.0.jar:/Users/simjeonghun/.m2/repository/io/github/resilience4j/resilience4j-consumer/1.7.0/resilience4j-consumer-1.7.0.jar:/Users/simjeonghun/.m2/repository/io/github/resilience4j/resilience4j-core/1.7.0/resilience4j-core-1.7.0.jar:/Users/simjeonghun/.m2/repository/io/github/resilience4j/resilience4j-circularbuffer/1.7.0/resilience4j-circularbuffer-1.7.0.jar:/Users/simjeonghun/.m2/repository/io/github/resilience4j/resilience4j-framework-common/1.7.0/resilience4j-framework-common-1.7.0.jar:/Users/simjeonghun/.m2/repository/io/github/resilience4j/resilience4j-circuitbreaker/1.7.0/resilience4j-circuitbreaker-1.7.0.jar:/Users/simjeonghun/.m2/repository/io/github/resilience4j/resilience4j-ratelimiter/1.7.0/resilience4j-ratelimiter-1.7.0.jar:/Users/simjeonghun/.m2/repository/io/github/resilience4j/resilience4j-retry/1.7.0/resilience4j-retry-1.7.0.jar:/Users/simjeonghun/.m2/repository/io/github/resilience4j/resilience4j-bulkhead/1.7.0/resilience4j-bulkhead-1.7.0.jar:/Users/simjeonghun/.m2/repository/io/github/resilience4j/resilience4j-timelimiter/1.7.0/resilience4j-timelimiter-1.7.0.jar:/Users/simjeonghun/.m2/repository/io/github/resilience4j/resilience4j-micrometer/1.7.0/resilience4j-micrometer-1.7.0.jar:/Users/simjeonghun/.m2/repository/io/netty/netty-all/4.1.101.Final/netty-all-4.1.101.Final.jar:/Users/simjeonghun/.m2/repository/io/netty/netty-codec/4.1.101.Final/netty-codec-4.1.101.Final.jar:/Users/simjeonghun/.m2/repository/io/netty/netty-codec-dns/4.1.101.Final/netty-codec-dns-4.1.101.Final.jar:/Users/simjeonghun/.m2/repository/io/netty/netty-codec-haproxy/4.1.101.Final/netty-codec-haproxy-4.1.101.Final.jar:/Users/simjeonghun/.m2/repository/io/netty/netty-codec-http/4.1.101.Final/netty-codec-http-4.1.101.Final.jar:/Users/simjeonghun/.m2/repository/io/netty/netty-codec-http2/4.1.101.Final/netty-codec-http2-4.1.101.Final.jar:/Users/simjeonghun/.m2/repository/io/netty/netty-codec-memcache/4.1.101.Final/netty-codec-memcache-4.1.101.Final.jar:/Users/simjeonghun/.m2/repository/io/netty/netty-codec-mqtt/4.1.101.Final/netty-codec-mqtt-4.1.101.Final.jar:/Users/simjeonghun/.m2/repository/io/netty/netty-codec-redis/4.1.101.Final/netty-codec-redis-4.1.101.Final.jar:/Users/simjeonghun/.m2/repository/io/netty/netty-codec-smtp/4.1.101.Final/netty-codec-smtp-4.1.101.Final.jar:/Users/simjeonghun/.m2/repository/io/netty/netty-codec-socks/4.1.101.Final/netty-codec-socks-4.1.101.Final.jar:/Users/simjeonghun/.m2/repository/io/netty/netty-codec-stomp/4.1.101.Final/netty-codec-stomp-4.1.101.Final.jar:/Users/simjeonghun/.m2/repository/io/netty/netty-codec-xml/4.1.101.Final/netty-codec-xml-4.1.101.Final.jar:/Users/simjeonghun/.m2/repository/io/netty/netty-common/4.1.101.Final/netty-common-4.1.101.Final.jar:/Users/simjeonghun/.m2/repository/io/netty/netty-handler/4.1.101.Final/netty-handler-4.1.101.Final.jar:/Users/simjeonghun/.m2/repository/io/netty/netty-transport-native-unix-common/4.1.101.Final/netty-transport-native-unix-common-4.1.101.Final.jar:/Users/simjeonghun/.m2/repository/io/netty/netty-handler-proxy/4.1.101.Final/netty-handler-proxy-4.1.101.Final.jar:/Users/simjeonghun/.m2/repository/io/netty/netty-handler-ssl-ocsp/4.1.101.Final/netty-handler-ssl-ocsp-4.1.101.Final.jar:/Users/simjeonghun/.m2/repository/io/netty/netty-resolver/4.1.101.Final/netty-resolver-4.1.101.Final.jar:/Users/simjeonghun/.m2/repository/io/netty/netty-resolver-dns/4.1.101.Final/netty-resolver-dns-4.1.101.Final.jar:/Users/simjeonghun/.m2/repository/io/netty/netty-transport/4.1.101.Final/netty-transport-4.1.101.Final.jar:/Users/simjeonghun/.m2/repository/io/netty/netty-transport-rxtx/4.1.101.Final/netty-transport-rxtx-4.1.101.Final.jar:/Users/simjeonghun/.m2/repository/io/netty/netty-transport-sctp/4.1.101.Final/netty-transport-sctp-4.1.101.Final.jar:/Users/simjeonghun/.m2/repository/io/netty/netty-transport-udt/4.1.101.Final/netty-transport-udt-4.1.101.Final.jar:/Users/simjeonghun/.m2/repository/io/netty/netty-transport-classes-epoll/4.1.101.Final/netty-transport-classes-epoll-4.1.101.Final.jar:/Users/simjeonghun/.m2/repository/io/netty/netty-transport-classes-kqueue/4.1.101.Final/netty-transport-classes-kqueue-4.1.101.Final.jar:/Users/simjeonghun/.m2/repository/io/netty/netty-resolver-dns-classes-macos/4.1.101.Final/netty-resolver-dns-classes-macos-4.1.101.Final.jar:/Users/simjeonghun/.m2/repository/io/netty/netty-transport-native-epoll/4.1.101.Final/netty-transport-native-epoll-4.1.101.Final-linux-x86_64.jar:/Users/simjeonghun/.m2/repository/io/netty/netty-transport-native-epoll/4.1.101.Final/netty-transport-native-epoll-4.1.101.Final-linux-aarch_64.jar:/Users/simjeonghun/.m2/repository/io/netty/netty-transport-native-kqueue/4.1.101.Final/netty-transport-native-kqueue-4.1.101.Final-osx-x86_64.jar:/Users/simjeonghun/.m2/repository/io/netty/netty-transport-native-kqueue/4.1.101.Final/netty-transport-native-kqueue-4.1.101.Final-osx-aarch_64.jar:/Users/simjeonghun/.m2/repository/io/netty/netty-resolver-dns-native-macos/4.1.101.Final/netty-resolver-dns-native-macos-4.1.101.Final-osx-x86_64.jar:/Users/simjeonghun/.m2/repository/io/netty/netty-resolver-dns-native-macos/4.1.101.Final/netty-resolver-dns-native-macos-4.1.101.Final-osx-aarch_64.jar:/Users/simjeonghun/.m2/repository/com/fasterxml/jackson/core/jackson-databind/2.13.5/jackson-databind-2.13.5.jar:/Users/simjeonghun/.m2/repository/com/fasterxml/jackson/core/jackson-annotations/2.13.5/jackson-annotations-2.13.5.jar:/Users/simjeonghun/.m2/repository/com/fasterxml/jackson/core/jackson-core/2.13.5/jackson-core-2.13.5.jar:/Users/simjeonghun/.m2/repository/com/sun/mail/jakarta.mail/2.0.1/jakarta.mail-2.0.1.jar:/Users/simjeonghun/.m2/repository/com/sun/activation/jakarta.activation/1.2.2/jakarta.activation-1.2.2.jar:/Users/simjeonghun/.m2/repository/jakarta/xml/soap/jakarta.xml.soap-api/3.0.0/jakarta.xml.soap-api-3.0.0.jar:/Users/simjeonghun/.m2/repository/jakarta/activation/jakarta.activation-api/2.1.0-RC1/jakarta.activation-api-2.1.0-RC1.jar:/Users/simjeonghun/.m2/repository/com/sun/xml/messaging/saaj/saaj-impl/2.0.1/saaj-impl-2.0.1.jar:/Users/simjeonghun/.m2/repository/org/jvnet/staxex/stax-ex/2.0.1/stax-ex-2.0.1.jar:/Users/simjeonghun/.m2/repository/org/springframework/boot/spring-boot-starter-test/2.7.18/spring-boot-starter-test-2.7.18.jar:/Users/simjeonghun/.m2/repository/org/springframework/boot/spring-boot-test/2.7.18/spring-boot-test-2.7.18.jar:/Users/simjeonghun/.m2/repository/org/springframework/boot/spring-boot-test-autoconfigure/2.7.18/spring-boot-test-autoconfigure-2.7.18.jar:/Users/simjeonghun/.m2/repository/com/jayway/jsonpath/json-path/2.7.0/json-path-2.7.0.jar:/Users/simjeonghun/.m2/repository/net/minidev/json-smart/2.4.11/json-smart-2.4.11.jar:/Users/simjeonghun/.m2/repository/net/minidev/accessors-smart/2.4.11/accessors-smart-2.4.11.jar:/Users/simjeonghun/.m2/repository/org/ow2/asm/asm/9.3/asm-9.3.jar:/Users/simjeonghun/.m2/repository/jakarta/xml/bind/jakarta.xml.bind-api/2.3.3/jakarta.xml.bind-api-2.3.3.jar:/Users/simjeonghun/.m2/repository/org/assertj/assertj-core/3.22.0/assertj-core-3.22.0.jar:/Users/simjeonghun/.m2/repository/org/hamcrest/hamcrest/2.2/hamcrest-2.2.jar:/Users/simjeonghun/.m2/repository/org/junit/jupiter/junit-jupiter/5.8.2/junit-jupiter-5.8.2.jar:/Users/simjeonghun/.m2/repository/org/junit/jupiter/junit-jupiter-api/5.8.2/junit-jupiter-api-5.8.2.jar:/Users/simjeonghun/.m2/repository/org/opentest4j/opentest4j/1.2.0/opentest4j-1.2.0.jar:/Users/simjeonghun/.m2/repository/org/junit/platform/junit-platform-commons/1.8.2/junit-platform-commons-1.8.2.jar:/Users/simjeonghun/.m2/repository/org/apiguardian/apiguardian-api/1.1.2/apiguardian-api-1.1.2.jar:/Users/simjeonghun/.m2/repository/org/junit/jupiter/junit-jupiter-params/5.8.2/junit-jupiter-params-5.8.2.jar:/Users/simjeonghun/.m2/repository/org/junit/jupiter/junit-jupiter-engine/5.8.2/junit-jupiter-engine-5.8.2.jar:/Users/simjeonghun/.m2/repository/org/junit/platform/junit-platform-engine/1.8.2/junit-platform-engine-1.8.2.jar:/Users/simjeonghun/.m2/repository/org/mockito/mockito-core/4.5.1/mockito-core-4.5.1.jar:/Users/simjeonghun/.m2/repository/net/bytebuddy/byte-buddy/1.12.23/byte-buddy-1.12.23.jar:/Users/simjeonghun/.m2/repository/net/bytebuddy/byte-buddy-agent/1.12.23/byte-buddy-agent-1.12.23.jar:/Users/simjeonghun/.m2/repository/org/objenesis/objenesis/3.2/objenesis-3.2.jar:/Users/simjeonghun/.m2/repository/org/mockito/mockito-junit-jupiter/4.5.1/mockito-junit-jupiter-4.5.1.jar:/Users/simjeonghun/.m2/repository/org/skyscreamer/jsonassert/1.5.1/jsonassert-1.5.1.jar:/Users/simjeonghun/.m2/repository/com/vaadin/external/google/android-json/0.0.20131108.vaadin1/android-json-0.0.20131108.vaadin1.jar:/Users/simjeonghun/.m2/repository/org/springframework/spring-test/5.3.31/spring-test-5.3.31.jar:/Users/simjeonghun/.m2/repository/org/xmlunit/xmlunit-core/2.9.1/xmlunit-core-2.9.1.jar:"/>
    <property name="sun.cpu.endian" value="little"/>
    <property name="user.home" value="/Users/simjeonghun"/>
    <property name="user.language" value="ko"/>
    <property name="java.specification.vendor" value="Oracle Corporation"/>
    <property name="java.version.date" value="2024-01-16"/>
    <property name="java.home" value="/Users/simjeonghun/Library/Java/JavaVirtualMachines/corretto-11.0.22/Contents/Home"/>
    <property name="file.separator" value="/"/>
    <property name="basedir" value="/Users/simjeonghun/github/seoultel/mms-server2"/>
    <property name="java.vm.compressedOopsMode" value="Zero based"/>
    <property name="line.separator" value="&#10;"/>
    <property name="java.specification.name" value="Java Platform API Specification"/>
    <property name="java.vm.specification.vendor" value="Oracle Corporation"/>
    <property name="java.awt.graphicsenv" value="sun.awt.CGraphicsEnvironment"/>
    <property name="surefire.real.class.path" value="/Users/simjeonghun/github/seoultel/mms-server2/target/surefire/surefirebooter13934870899144213070.jar"/>
    <property name="sun.management.compiler" value="HotSpot 64-Bit Tiered Compilers"/>
    <property name="ftp.nonProxyHosts" value="local|*.local|169.254/16|*.169.254/16"/>
    <property name="java.runtime.version" value="11.0.22+7-LTS"/>
    <property name="user.name" value="simjeonghun"/>
    <property name="path.separator" value=":"/>
    <property name="os.version" value="14.2.1"/>
    <property name="java.runtime.name" value="OpenJDK Runtime Environment"/>
    <property name="file.encoding" value="UTF-8"/>
    <property name="java.vm.name" value="OpenJDK 64-Bit Server VM"/>
    <property name="java.vendor.version" value="Corretto-11.0.22.7.1"/>
    <property name="localRepository" value="/Users/simjeonghun/.m2/repository"/>
    <property name="java.vendor.url.bug" value="https://github.com/corretto/corretto-11/issues/"/>
    <property name="java.io.tmpdir" value="/var/folders/zz/bxtc0wx51vq94d9fv6z77x1m0000gn/T/"/>
    <property name="idea.version" value="2023.3.4"/>
    <property name="java.version" value="11.0.22"/>
    <property name="user.dir" value="/Users/simjeonghun/github/seoultel/mms-server2"/>
    <property name="os.arch" value="aarch64"/>
    <property name="java.vm.specification.name" value="Java Virtual Machine Specification"/>
    <property name="java.awt.printerjob" value="sun.lwawt.macosx.CPrinterJob"/>
    <property name="sun.os.patch.level" value="unknown"/>
    <property name="java.library.path" value="/Users/simjeonghun/Library/Java/Extensions:/Library/Java/Extensions:/Network/Library/Java/Extensions:/System/Library/Java/Extensions:/usr/lib/java:."/>
    <property name="java.vm.info" value="mixed mode"/>
    <property name="java.vendor" value="Amazon.com Inc."/>
    <property name="java.vm.version" value="11.0.22+7-LTS"/>
    <property name="java.specification.maintenance.version" value="2"/>
    <property name="sun.io.unicode.encoding" value="UnicodeBig"/>
    <property name="java.class.version" value="55.0"/>
    <property name="socksNonProxyHosts" value="local|*.local|169.254/16|*.169.254/16"/>
  </properties>
  <testcase name="kr.co.seoultel.mms.direct.ApplicationTests" classname="kr.co.seoultel.mms.direct.ApplicationTests" time="0.188">
    <error message="Unable to find a @SpringBootConfiguration, you need to use @ContextConfiguration or @SpringBootTest(classes=...) with your test" type="java.lang.IllegalStateException">java.lang.IllegalStateException: Unable to find a @SpringBootConfiguration, you need to use @ContextConfiguration or @SpringBootTest(classes=...) with your test
</error>
    <system-out><![CDATA[11:59:09.337 [main] DEBUG org.springframework.test.context.BootstrapUtils - Instantiating CacheAwareContextLoaderDelegate from class [org.springframework.test.context.cache.DefaultCacheAwareContextLoaderDelegate]
11:59:09.343 [main] DEBUG org.springframework.test.context.BootstrapUtils - Instantiating BootstrapContext using constructor [public org.springframework.test.context.support.DefaultBootstrapContext(java.lang.Class,org.springframework.test.context.CacheAwareContextLoaderDelegate)]
11:59:09.367 [main] DEBUG org.springframework.test.context.BootstrapUtils - Instantiating TestContextBootstrapper for test class [kr.co.seoultel.mms.direct.ApplicationTests] from class [org.springframework.boot.test.context.SpringBootTestContextBootstrapper]
11:59:09.374 [main] INFO org.springframework.boot.test.context.SpringBootTestContextBootstrapper - Neither @ContextConfiguration nor @ContextHierarchy found for test class [kr.co.seoultel.mms.direct.ApplicationTests], using SpringBootContextLoader
11:59:09.376 [main] DEBUG org.springframework.test.context.support.AbstractContextLoader - Did not detect default resource location for test class [kr.co.seoultel.mms.direct.ApplicationTests]: class path resource [kr/co/seoultel/mms/direct/ApplicationTests-context.xml] does not exist
11:59:09.376 [main] DEBUG org.springframework.test.context.support.AbstractContextLoader - Did not detect default resource location for test class [kr.co.seoultel.mms.direct.ApplicationTests]: class path resource [kr/co/seoultel/mms/direct/ApplicationTestsContext.groovy] does not exist
11:59:09.377 [main] INFO org.springframework.test.context.support.AbstractContextLoader - Could not detect default resource locations for test class [kr.co.seoultel.mms.direct.ApplicationTests]: no resource found for suffixes {-context.xml, Context.groovy}.
11:59:09.377 [main] INFO org.springframework.test.context.support.AnnotationConfigContextLoaderUtils - Could not detect default configuration classes for test class [kr.co.seoultel.mms.direct.ApplicationTests]: ApplicationTests does not declare any static, non-private, non-final, nested classes annotated with @Configuration.
11:59:09.404 [main] DEBUG org.springframework.test.context.support.ActiveProfilesUtils - Could not find an 'annotation declaring class' for annotation type [org.springframework.test.context.ActiveProfiles] and class [kr.co.seoultel.mms.direct.ApplicationTests]
]]></system-out>
  </testcase>
</testsuite>